Transcurrido: 00:00:00.01
Transcurrido: 00:00:00.01
Transcurrido: 00:00:00.00
Transcurrido: 00:00:00.01
Transcurrido: 00:00:00.03

  COUNT(*)
==========
     32770
Transcurrido: 00:44:17.48

Plan de Ejecución
==========================================================
Plan hash value: 3359627059

----------------------------------------------------------------------------------------------------------------
| Id  | Operation                       | Name                         | Rows  | Bytes | Cost (%CPU)| Time     |
----------------------------------------------------------------------------------------------------------------
|   0 | SELECT STATEMENT                |                              |     1 |    24 | 51723   (3)| 00:10:21 |
|   1 |  SORT AGGREGATE                 |                              |     1 |    24 |            |          |
|*  2 |   FILTER                        |                              |       |       |            |          |
|*  3 |    TABLE ACCESS BY INDEX ROWID  | STOCK_POR_SUCURSAL           | 64302 |  1507K| 51694   (3)| 00:10:21 |
|*  4 |     INDEX RANGE SCAN            | STOCK_POR_SUCURSAL_L_DIA_IDX |   560K|       |  2791   (4)| 00:00:34 |
|   5 |      TABLE ACCESS BY INDEX ROWID| L_DIA                        |     1 |    12 |     2   (0)| 00:00:01 |
|*  6 |       INDEX UNIQUE SCAN         | AK_DIA_FECHA_L_DIA           |     1 |       |     1   (0)| 00:00:01 |
|   7 |    SORT AGGREGATE               |                              |     1 |    24 |            |          |
|*  8 |     TABLE ACCESS BY INDEX ROWID | STOCK_POR_SUCURSAL           |     1 |    24 |    26   (0)| 00:00:01 |
|*  9 |      INDEX RANGE SCAN           | STOCK_POR_SUCURSAL_L_DIA_IDX |   232 |       |     6   (0)| 00:00:01 |
----------------------------------------------------------------------------------------------------------------

Predicate Information (identified by operation id):
---------------------------------------------------

   2 - filter( (SELECT MAX(NVL("S2"."EXPO_IDEAL",0)) FROM GAR_DW."STOCK_POR_SUCURSAL" "S2" WHERE
              "S2"."ART_COD_EMP"=:B1 AND "S2"."SUC_ID"=:B2 AND "S2"."SUC_COD_EMPRESA"=:B3 AND "S2"."EMP_ID"=:B4 AND
              "S2"."DIA_ID"=:B5 AND "S2"."GRUPOEQUIVALENTE"=:B6 AND "S2"."TMS_ID"=:B7)>0)
   3 - filter("S"."GRUPOEQUIVALENTE">0 AND NVL("S"."EXPO_IDEAL",0)<>1)
   4 - access("S"."DIA_ID"= (SELECT "DIA_ID" FROM GAR_DW."L_DIA" "L_DIA" WHERE
              "DIA_FECHA"=TRUNC(SYSDATE@!-50)))
   6 - access("DIA_FECHA"=TRUNC(SYSDATE@!-50))
   8 - filter("S2"."GRUPOEQUIVALENTE"=:B1)
   9 - access("S2"."DIA_ID"=:B1 AND "S2"."EMP_ID"=:B2 AND "S2"."SUC_COD_EMPRESA"=:B3 AND
              "S2"."SUC_ID"=:B4 AND "S2"."ART_COD_EMP"=:B5 AND "S2"."TMS_ID"=:B6)
       filter("S2"."TMS_ID"=:B1)


Estadísticas
==========================================================
       6086  recursive calls
          8  db block gets
  204266702  consistent gets
      36013  physical reads
       1904  redo size
        211  bytes sent via SQL*Net to client
        236  bytes received via SQL*Net from client
          2  SQL*Net roundtrips to/from client
        146  sorts (memory)
          0  sorts (disk)
          1  rows processed

Transcurrido: 00:00:00.00
